app/build/intermediates/manifest_merge_blame_file/debug/manifest-merger-blame-debug-report.txt
1<?xml version="1.0" encoding="utf-8"?>
2<manifest xmlns:android="http://schemas.android.com/apk/res/android"
3    package="com.example.tripelo"
4    android:versionCode="1"
5    android:versionName="1.0" >
6
7    <uses-sdk
8        android:minSdkVersion="27"
8-->src/main/AndroidManifest.xml
9        android:targetSdkVersion="32" />
9-->src/main/AndroidManifest.xml
10
11    <!-- Although the *SdkVersion is captured in gradle build files, this is required for non gradle builds -->
12    <!-- <uses-sdk android:minSdkVersion="14" /> -->
13    <uses-permission android:name="android.permission.ACCESS_NETWORK_STATE" />
13-->[com.google.firebase:firebase-firestore:24.1.2] AndroidManifest.xml:13:5-79
13-->[com.google.firebase:firebase-firestore:24.1.2] AndroidManifest.xml:13:22-76
14    <uses-permission android:name="android.permission.INTERNET" />
14-->[com.google.firebase:firebase-firestore:24.1.2] AndroidManifest.xml:14:5-67
14-->[com.google.firebase:firebase-firestore:24.1.2] AndroidManifest.xml:14:22-64
15
16    <application
16-->src/main/AndroidManifest.xml:5:5-21:19
17        android:allowBackup="true"
17-->src/main/AndroidManifest.xml:6:9-35
18        android:appComponentFactory="androidx.core.app.CoreComponentFactory"
18-->[androidx.core:core:1.7.0] AndroidManifest.xml:24:18-86
19        android:debuggable="true"
20        android:extractNativeLibs="false"
21        android:icon="@mipmap/ic_launcher"
21-->src/main/AndroidManifest.xml:7:9-43
22        android:label="@string/app_name"
22-->src/main/AndroidManifest.xml:8:9-41
23        android:roundIcon="@mipmap/ic_launcher_round"
23-->src/main/AndroidManifest.xml:9:9-54
24        android:supportsRtl="true"
24-->src/main/AndroidManifest.xml:10:9-35
25        android:testOnly="true"
26        android:theme="@style/Theme.Tripelo" >
26-->src/main/AndroidManifest.xml:11:9-45
27        <activity
27-->src/main/AndroidManifest.xml:12:9-20:20
28            android:name="com.example.tripelo.MainActivity"
28-->src/main/AndroidManifest.xml:13:13-41
29            android:exported="true" >
29-->src/main/AndroidManifest.xml:14:13-36
30            <intent-filter>
30-->src/main/AndroidManifest.xml:15:13-19:29
31                <action android:name="android.intent.action.MAIN" />
31-->src/main/AndroidManifest.xml:16:17-69
31-->src/main/AndroidManifest.xml:16:25-66
32
33                <category android:name="android.intent.category.LAUNCHER" />
33-->src/main/AndroidManifest.xml:18:17-77
33-->src/main/AndroidManifest.xml:18:27-74
34            </intent-filter>
35        </activity>
36
37        <service
37-->[com.google.firebase:firebase-firestore:24.1.2] AndroidManifest.xml:17:9-23:19
38            android:name="com.google.firebase.components.ComponentDiscoveryService"
38-->[com.google.firebase:firebase-firestore:24.1.2] AndroidManifest.xml:18:13-84
39            android:directBootAware="true"
39-->[com.google.firebase:firebase-common:20.1.1] AndroidManifest.xml:35:13-43
40            android:exported="false" >
40-->[com.google.firebase:firebase-firestore:24.1.2] AndroidManifest.xml:19:13-37
41            <meta-data
41-->[com.google.firebase:firebase-firestore:24.1.2] AndroidManifest.xml:20:13-22:85
42                android:name="com.google.firebase.components:com.google.firebase.firestore.FirestoreRegistrar"
42-->[com.google.firebase:firebase-firestore:24.1.2] AndroidManifest.xml:21:17-111
43                android:value="com.google.firebase.components.ComponentRegistrar" />
43-->[com.google.firebase:firebase-firestore:24.1.2] AndroidManifest.xml:22:17-82
44        </service>
45        <service
45-->[androidx.room:room-runtime:2.4.2] AndroidManifest.xml:25:9-28:40
46            android:name="androidx.room.MultiInstanceInvalidationService"
46-->[androidx.room:room-runtime:2.4.2] AndroidManifest.xml:26:13-74
47            android:directBootAware="true"
47-->[androidx.room:room-runtime:2.4.2] AndroidManifest.xml:27:13-43
48            android:exported="false" />
48-->[androidx.room:room-runtime:2.4.2] AndroidManifest.xml:28:13-37
49
50        <activity
50-->[com.google.android.gms:play-services-base:18.0.1] AndroidManifest.xml:20:9-22:45
51            android:name="com.google.android.gms.common.api.GoogleApiActivity"
51-->[com.google.android.gms:play-services-base:18.0.1] AndroidManifest.xml:20:19-85
52            android:exported="false"
52-->[com.google.android.gms:play-services-base:18.0.1] AndroidManifest.xml:22:19-43
53            android:theme="@android:style/Theme.Translucent.NoTitleBar" />
53-->[com.google.android.gms:play-services-base:18.0.1] AndroidManifest.xml:21:19-78
54
55        <provider
55-->[com.google.firebase:firebase-common:20.1.1] AndroidManifest.xml:26:9-31:39
56            android:name="com.google.firebase.provider.FirebaseInitProvider"
56-->[com.google.firebase:firebase-common:20.1.1] AndroidManifest.xml:27:13-77
57            android:authorities="com.example.tripelo.firebaseinitprovider"
57-->[com.google.firebase:firebase-common:20.1.1] AndroidManifest.xml:28:13-72
58            android:directBootAware="true"
58-->[com.google.firebase:firebase-common:20.1.1] AndroidManifest.xml:29:13-43
59            android:exported="false"
59-->[com.google.firebase:firebase-common:20.1.1] AndroidManifest.xml:30:13-37
60            android:initOrder="100" />
60-->[com.google.firebase:firebase-common:20.1.1] AndroidManifest.xml:31:13-36
61
62        <meta-data
62-->[com.google.android.gms:play-services-basement:18.0.0] AndroidManifest.xml:21:9-23:69
63            android:name="com.google.android.gms.version"
63-->[com.google.android.gms:play-services-basement:18.0.0] AndroidManifest.xml:22:13-58
64            android:value="@integer/google_play_services_version" />
64-->[com.google.android.gms:play-services-basement:18.0.0] AndroidManifest.xml:23:13-66
65
66        <provider
66-->[androidx.emoji2:emoji2:1.0.0] AndroidManifest.xml:26:9-34:20
67            android:name="androidx.startup.InitializationProvider"
67-->[androidx.emoji2:emoji2:1.0.0] AndroidManifest.xml:27:13-67
68            android:authorities="com.example.tripelo.androidx-startup"
68-->[androidx.emoji2:emoji2:1.0.0] AndroidManifest.xml:28:13-68
69            android:exported="false" >
69-->[androidx.emoji2:emoji2:1.0.0] AndroidManifest.xml:29:13-37
70            <meta-data
70-->[androidx.emoji2:emoji2:1.0.0] AndroidManifest.xml:31:13-33:52
71                android:name="androidx.emoji2.text.EmojiCompatInitializer"
71-->[androidx.emoji2:emoji2:1.0.0] AndroidManifest.xml:32:17-75
72                android:value="androidx.startup" />
72-->[androidx.emoji2:emoji2:1.0.0] AndroidManifest.xml:33:17-49
73            <meta-data
73-->[androidx.lifecycle:lifecycle-process:2.4.0] AndroidManifest.xml:31:13-33:52
74                android:name="androidx.lifecycle.ProcessLifecycleInitializer"
74-->[androidx.lifecycle:lifecycle-process:2.4.0] AndroidManifest.xml:32:17-78
75                android:value="androidx.startup" />
75-->[androidx.lifecycle:lifecycle-process:2.4.0] AndroidManifest.xml:33:17-49
76        </provider>
77    </application>
78
79</manifest>